<?xml version="1.0" encoding="UTF-8"?>
<coverage generated="1620045360010" clover="3.2.0">
  <project timestamp="1620045360010" name="All files">
    <metrics statements="72" coveredstatements="72" conditionals="31" coveredconditionals="31" methods="11" coveredmethods="11" elements="114" coveredelements="114" complexity="0" loc="72" ncloc="72" packages="1" files="4" classes="4"/>
    <file name="binarySearchTree.ts" path="/Users/nbarbasina/Desktop/Bootcamp/evo-ts-bootcamp/homeworks/03-data-structure/binarySearchTree.ts">
      <metrics statements="6" coveredstatements="6" conditionals="0" coveredconditionals="0" methods="2" coveredmethods="2"/>
      <line num="1" count="1" type="stmt"/>
      <line num="7" count="1" type="stmt"/>
      <line num="8" count="1" type="stmt"/>
      <line num="9" count="2" type="stmt"/>
      <line num="10" count="2" type="stmt"/>
      <line num="12" count="1" type="stmt"/>
    </file>
    <file name="binaryTree.ts" path="/Users/nbarbasina/Desktop/Bootcamp/evo-ts-bootcamp/homeworks/03-data-structure/binaryTree.ts">
      <metrics statements="46" coveredstatements="46" conditionals="21" coveredconditionals="21" methods="6" coveredmethods="6"/>
      <line num="7" count="2" type="cond" truecount="2" falsecount="0"/>
      <line num="8" count="2" type="stmt"/>
      <line num="9" count="2" type="stmt"/>
      <line num="10" count="2" type="stmt"/>
      <line num="11" count="2" type="stmt"/>
      <line num="20" count="2" type="stmt"/>
      <line num="21" count="30" type="stmt"/>
      <line num="22" count="30" type="stmt"/>
      <line num="25" count="2" type="stmt"/>
      <line num="26" count="1" type="stmt"/>
      <line num="27" count="1" type="stmt"/>
      <line num="30" count="2" type="stmt"/>
      <line num="31" count="3" type="stmt"/>
      <line num="32" count="3" type="stmt"/>
      <line num="33" count="3" type="stmt"/>
      <line num="34" count="3" type="cond" truecount="2" falsecount="0"/>
      <line num="35" count="2" type="stmt"/>
      <line num="37" count="3" type="stmt"/>
      <line num="38" count="3" type="cond" truecount="2" falsecount="0"/>
      <line num="39" count="1" type="stmt"/>
      <line num="41" count="3" type="stmt"/>
      <line num="42" count="3" type="cond" truecount="2" falsecount="0"/>
      <line num="43" count="1" type="stmt"/>
      <line num="45" count="3" type="stmt"/>
      <line num="48" count="2" type="stmt"/>
      <line num="49" count="31" type="stmt"/>
      <line num="51" count="31" type="stmt"/>
      <line num="52" count="31" type="cond" truecount="2" falsecount="0"/>
      <line num="53" count="17" type="stmt"/>
      <line num="55" count="31" type="stmt"/>
      <line num="56" count="31" type="cond" truecount="2" falsecount="0"/>
      <line num="57" count="7" type="stmt"/>
      <line num="60" count="31" type="stmt"/>
      <line num="62" count="5" type="stmt"/>
      <line num="63" count="5" type="stmt"/>
      <line num="64" count="5" type="stmt"/>
      <line num="65" count="11" type="stmt"/>
      <line num="66" count="11" type="stmt"/>
      <line num="67" count="11" type="cond" truecount="2" falsecount="0"/>
      <line num="68" count="11" type="cond" truecount="2" falsecount="0"/>
      <line num="70" count="5" type="stmt"/>
      <line num="73" count="11" type="stmt"/>
      <line num="75" count="5" type="stmt"/>
      <line num="77" count="5" type="stmt"/>
      <line num="78" count="5" type="stmt"/>
      <line num="81" count="2" type="stmt"/>
    </file>
    <file name="compare.ts" path="/Users/nbarbasina/Desktop/Bootcamp/evo-ts-bootcamp/homeworks/03-data-structure/compare.ts">
      <metrics statements="6" coveredstatements="6" conditionals="4" coveredconditionals="4" methods="1" coveredmethods="1"/>
      <line num="3" count="2" type="stmt"/>
      <line num="7" count="25" type="cond" truecount="2" falsecount="0"/>
      <line num="8" count="9" type="stmt"/>
      <line num="9" count="16" type="cond" truecount="2" falsecount="0"/>
      <line num="10" count="15" type="stmt"/>
      <line num="12" count="1" type="stmt"/>
    </file>
    <file name="mergeSort.ts" path="/Users/nbarbasina/Desktop/Bootcamp/evo-ts-bootcamp/homeworks/03-data-structure/mergeSort.ts">
      <metrics statements="14" coveredstatements="14" conditionals="6" coveredconditionals="6" methods="2" coveredmethods="2"/>
      <line num="7" count="1" type="stmt"/>
      <line num="8" count="6" type="stmt"/>
      <line num="10" count="6" type="cond" truecount="2" falsecount="0"/>
      <line num="11" count="22" type="cond" truecount="2" falsecount="0"/>
      <line num="12" count="14" type="stmt"/>
      <line num="14" count="8" type="stmt"/>
      <line num="18" count="6" type="stmt"/>
      <line num="21" count="1" type="stmt"/>
      <line num="22" count="11" type="cond" truecount="2" falsecount="0"/>
      <line num="23" count="6" type="stmt"/>
      <line num="25" count="5" type="stmt"/>
      <line num="26" count="5" type="stmt"/>
      <line num="27" count="5" type="stmt"/>
      <line num="28" count="5" type="stmt"/>
    </file>
  </project>
</coverage>
