{"/Users/nbarbasina/Desktop/Bootcamp/evo-ts-bootcamp/homeworks/03-data-structure/binarySearchTree.ts": {"path":"/Users/nbarbasina/Desktop/Bootcamp/evo-ts-bootcamp/homeworks/03-data-structure/binarySearchTree.ts","statementMap":{"0":{"start":{"line":1,"column":0},"end":{"line":1,"column":69}},"1":{"start":{"line":7,"column":0},"end":{"line":7,"column":56}},"2":{"start":{"line":7,"column":38},"end":{"line":7,"column":48}},"3":{"start":{"line":8,"column":2},"end":{"line":11,"column":null}},"4":{"start":{"line":9,"column":23},"end":{"line":9,"column":61}},"5":{"start":{"line":10,"column":4},"end":{"line":10,"column":38}},"6":{"start":{"line":12,"column":0},"end":{"line":12,"column":null}},"7":{"start":{"line":7,"column":13},"end":{"line":7,"column":29}}},"fnMap":{"0":{"name":"(anonymous_6)","decl":{"start":{"line":7,"column":0},"end":{"line":7,"column":13}},"loc":{"start":{"line":7,"column":0},"end":{"line":12,"column":null}}},"1":{"name":"(anonymous_8)","decl":{"start":{"line":8,"column":2},"end":{"line":8,"column":5}},"loc":{"start":{"line":8,"column":19},"end":{"line":11,"column":3}}}},"branchMap":{},"s":{"0":1,"1":1,"2":1,"3":1,"4":2,"5":2,"6":1,"7":1},"f":{"0":2,"1":2},"b":{}}
,"/Users/nbarbasina/Desktop/Bootcamp/evo-ts-bootcamp/homeworks/03-data-structure/binaryTree.ts": {"path":"/Users/nbarbasina/Desktop/Bootcamp/evo-ts-bootcamp/homeworks/03-data-structure/binaryTree.ts","statementMap":{"0":{"start":{"line":7,"column":0},"end":{"line":7,"column":null}},"1":{"start":{"line":8,"column":4},"end":{"line":8,"column":null}},"2":{"start":{"line":9,"column":4},"end":{"line":9,"column":null}},"3":{"start":{"line":10,"column":4},"end":{"line":10,"column":null}},"4":{"start":{"line":11,"column":4},"end":{"line":11,"column":null}},"5":{"start":{"line":20,"column":0},"end":{"line":20,"column":13}},"6":{"start":{"line":21,"column":24},"end":{"line":21,"column":57}},"7":{"start":{"line":22,"column":4},"end":{"line":22,"column":29}},"8":{"start":{"line":25,"column":2},"end":{"line":28,"column":null}},"9":{"start":{"line":26,"column":4},"end":{"line":26,"column":25}},"10":{"start":{"line":27,"column":4},"end":{"line":27,"column":16}},"11":{"start":{"line":30,"column":2},"end":{"line":46,"column":null}},"12":{"start":{"line":31,"column":35},"end":{"line":31,"column":48}},"13":{"start":{"line":31,"column":17},"end":{"line":31,"column":19}},"14":{"start":{"line":31,"column":23},"end":{"line":31,"column":25}},"15":{"start":{"line":31,"column":30},"end":{"line":31,"column":35}},"16":{"start":{"line":32,"column":25},"end":{"line":32,"column":26}},"17":{"start":{"line":33,"column":36},"end":{"line":33,"column":38}},"18":{"start":{"line":34,"column":4},"end":{"line":36,"column":null}},"19":{"start":{"line":35,"column":6},"end":{"line":35,"column":25}},"20":{"start":{"line":37,"column":40},"end":{"line":37,"column":42}},"21":{"start":{"line":38,"column":4},"end":{"line":40,"column":null}},"22":{"start":{"line":39,"column":6},"end":{"line":39,"column":64}},"23":{"start":{"line":41,"column":41},"end":{"line":41,"column":43}},"24":{"start":{"line":42,"column":4},"end":{"line":44,"column":null}},"25":{"start":{"line":43,"column":6},"end":{"line":43,"column":66}},"26":{"start":{"line":45,"column":4},"end":{"line":45,"column":58}},"27":{"start":{"line":48,"column":2},"end":{"line":80,"column":null}},"28":{"start":{"line":49,"column":35},"end":{"line":49,"column":48}},"29":{"start":{"line":49,"column":17},"end":{"line":49,"column":19}},"30":{"start":{"line":49,"column":23},"end":{"line":49,"column":25}},"31":{"start":{"line":49,"column":30},"end":{"line":49,"column":35}},"32":{"start":{"line":51,"column":40},"end":{"line":51,"column":42}},"33":{"start":{"line":52,"column":4},"end":{"line":54,"column":null}},"34":{"start":{"line":53,"column":6},"end":{"line":53,"column":57}},"35":{"start":{"line":55,"column":41},"end":{"line":55,"column":43}},"36":{"start":{"line":56,"column":4},"end":{"line":58,"column":null}},"37":{"start":{"line":57,"column":6},"end":{"line":57,"column":59}},"38":{"start":{"line":60,"column":4},"end":{"line":79,"column":null}},"39":{"start":{"line":62,"column":48},"end":{"line":62,"column":50}},"40":{"start":{"line":63,"column":49},"end":{"line":63,"column":64}},"41":{"start":{"line":64,"column":8},"end":{"line":69,"column":null}},"42":{"start":{"line":65,"column":23},"end":{"line":65,"column":37}},"43":{"start":{"line":66,"column":10},"end":{"line":66,"column":42}},"44":{"start":{"line":67,"column":10},"end":{"line":67,"column":47}},"45":{"start":{"line":67,"column":25},"end":{"line":67,"column":47}},"46":{"start":{"line":68,"column":10},"end":{"line":68,"column":49}},"47":{"start":{"line":68,"column":26},"end":{"line":68,"column":49}},"48":{"start":{"line":70,"column":8},"end":{"line":70,"column":30}},"49":{"start":{"line":73,"column":8},"end":{"line":73,"column":58}},"50":{"start":{"line":75,"column":8},"end":{"line":75,"column":58}},"51":{"start":{"line":77,"column":8},"end":{"line":77,"column":58}},"52":{"start":{"line":78,"column":15},"end":{"line":78,"column":25}},"53":{"start":{"line":81,"column":0},"end":{"line":81,"column":null}},"54":{"start":{"line":20,"column":13},"end":{"line":20,"column":23}}},"fnMap":{"0":{"name":"(anonymous_1)","decl":{"start":{"line":7,"column":0},"end":{"line":7,"column":12}},"loc":{"start":{"line":7,"column":24},"end":{"line":12,"column":1}}},"1":{"name":"(anonymous_2)","decl":{"start":{"line":20,"column":0},"end":{"line":20,"column":13}},"loc":{"start":{"line":20,"column":0},"end":{"line":81,"column":null}}},"2":{"name":"BinaryTree","decl":{"start":{"line":21,"column":2},"end":{"line":21,"column":24}},"loc":{"start":{"line":21,"column":57},"end":{"line":23,"column":3}}},"3":{"name":"(anonymous_4)","decl":{"start":{"line":25,"column":2},"end":{"line":25,"column":9}},"loc":{"start":{"line":25,"column":39},"end":{"line":28,"column":3}}},"4":{"name":"(anonymous_5)","decl":{"start":{"line":30,"column":2},"end":{"line":30,"column":11}},"loc":{"start":{"line":30,"column":26},"end":{"line":46,"column":3}}},"5":{"name":"(anonymous_6)","decl":{"start":{"line":48,"column":2},"end":{"line":48,"column":10}},"loc":{"start":{"line":48,"column":29},"end":{"line":80,"column":3}}}},"branchMap":{"0":{"loc":{"start":{"line":7,"column":12},"end":{"line":7,"column":24}},"type":"binary-expr","locations":[{"start":{"line":7,"column":12},"end":{"line":7,"column":24}},{"start":{"line":7,"column":12},"end":{"line":7,"column":null}}]},"1":{"loc":{"start":{"line":34,"column":4},"end":{"line":36,"column":null}},"type":"if","locations":[{"start":{"line":34,"column":4},"end":{"line":36,"column":null}},{"start":{"line":34,"column":4},"end":{"line":36,"column":null}}]},"2":{"loc":{"start":{"line":38,"column":4},"end":{"line":40,"column":null}},"type":"if","locations":[{"start":{"line":38,"column":4},"end":{"line":40,"column":null}},{"start":{"line":38,"column":4},"end":{"line":40,"column":null}}]},"3":{"loc":{"start":{"line":42,"column":4},"end":{"line":44,"column":null}},"type":"if","locations":[{"start":{"line":42,"column":4},"end":{"line":44,"column":null}},{"start":{"line":42,"column":4},"end":{"line":44,"column":null}}]},"4":{"loc":{"start":{"line":52,"column":4},"end":{"line":54,"column":null}},"type":"if","locations":[{"start":{"line":52,"column":4},"end":{"line":54,"column":null}},{"start":{"line":52,"column":4},"end":{"line":54,"column":null}}]},"5":{"loc":{"start":{"line":56,"column":4},"end":{"line":58,"column":null}},"type":"if","locations":[{"start":{"line":56,"column":4},"end":{"line":58,"column":null}},{"start":{"line":56,"column":4},"end":{"line":58,"column":null}}]},"6":{"loc":{"start":{"line":61,"column":6},"end":{"line":71,"column":null}},"type":"switch","locations":[{"start":{"line":61,"column":6},"end":{"line":71,"column":null}},{"start":{"line":72,"column":6},"end":{"line":73,"column":58}},{"start":{"line":74,"column":6},"end":{"line":75,"column":58}},{"start":{"line":76,"column":6},"end":{"line":77,"column":58}},{"start":{"line":78,"column":6},"end":{"line":78,"column":25}}]},"7":{"loc":{"start":{"line":67,"column":10},"end":{"line":67,"column":47}},"type":"if","locations":[{"start":{"line":67,"column":10},"end":{"line":67,"column":47}},{"start":{"line":67,"column":10},"end":{"line":67,"column":47}}]},"8":{"loc":{"start":{"line":68,"column":10},"end":{"line":68,"column":49}},"type":"if","locations":[{"start":{"line":68,"column":10},"end":{"line":68,"column":49}},{"start":{"line":68,"column":10},"end":{"line":68,"column":49}}]}},"s":{"0":2,"1":2,"2":2,"3":2,"4":2,"5":2,"6":30,"7":30,"8":2,"9":1,"10":1,"11":2,"12":3,"13":3,"14":3,"15":3,"16":3,"17":3,"18":3,"19":2,"20":3,"21":3,"22":1,"23":3,"24":3,"25":1,"26":3,"27":2,"28":31,"29":31,"30":31,"31":31,"32":31,"33":31,"34":17,"35":31,"36":31,"37":7,"38":31,"39":5,"40":5,"41":5,"42":11,"43":11,"44":11,"45":5,"46":11,"47":1,"48":5,"49":11,"50":5,"51":5,"52":5,"53":2,"54":2},"f":{"0":2,"1":2,"2":30,"3":1,"4":3,"5":31},"b":{"0":[2,2],"1":[2,1],"2":[1,2],"3":[1,2],"4":[17,14],"5":[7,24],"6":[5,11,5,5,5],"7":[5,6],"8":[1,10]}}
,"/Users/nbarbasina/Desktop/Bootcamp/evo-ts-bootcamp/homeworks/03-data-structure/compare.ts": {"path":"/Users/nbarbasina/Desktop/Bootcamp/evo-ts-bootcamp/homeworks/03-data-structure/compare.ts","statementMap":{"0":{"start":{"line":3,"column":62},"end":{"line":13,"column":1}},"1":{"start":{"line":7,"column":2},"end":{"line":9,"column":4}},"2":{"start":{"line":8,"column":4},"end":{"line":8,"column":13}},"3":{"start":{"line":9,"column":4},"end":{"line":11,"column":null}},"4":{"start":{"line":10,"column":4},"end":{"line":10,"column":14}},"5":{"start":{"line":12,"column":2},"end":{"line":12,"column":11}},"6":{"start":{"line":3,"column":13},"end":{"line":3,"column":62}}},"fnMap":{"0":{"name":"(anonymous_0)","decl":{"start":{"line":3,"column":62},"end":{"line":3,"column":null}},"loc":{"start":{"line":5,"column":11},"end":{"line":13,"column":1}}}},"branchMap":{"0":{"loc":{"start":{"line":7,"column":2},"end":{"line":9,"column":4}},"type":"if","locations":[{"start":{"line":7,"column":2},"end":{"line":9,"column":4}},{"start":{"line":7,"column":2},"end":{"line":9,"column":4}}]},"1":{"loc":{"start":{"line":9,"column":4},"end":{"line":11,"column":null}},"type":"if","locations":[{"start":{"line":9,"column":4},"end":{"line":11,"column":null}},{"start":{"line":9,"column":4},"end":{"line":11,"column":null}}]}},"s":{"0":2,"1":25,"2":9,"3":16,"4":15,"5":1,"6":2},"f":{"0":25},"b":{"0":[9,16],"1":[15,1]}}
,"/Users/nbarbasina/Desktop/Bootcamp/evo-ts-bootcamp/homeworks/03-data-structure/mergeSort.ts": {"path":"/Users/nbarbasina/Desktop/Bootcamp/evo-ts-bootcamp/homeworks/03-data-structure/mergeSort.ts","statementMap":{"0":{"start":{"line":7,"column":40},"end":{"line":19,"column":1}},"1":{"start":{"line":8,"column":14},"end":{"line":8,"column":16}},"2":{"start":{"line":10,"column":2},"end":{"line":16,"column":null}},"3":{"start":{"line":11,"column":4},"end":{"line":15,"column":null}},"4":{"start":{"line":12,"column":6},"end":{"line":12,"column":33}},"5":{"start":{"line":14,"column":6},"end":{"line":14,"column":34}},"6":{"start":{"line":18,"column":2},"end":{"line":18,"column":43}},"7":{"start":{"line":7,"column":13},"end":{"line":7,"column":40}},"8":{"start":{"line":21,"column":36},"end":{"line":33,"column":1}},"9":{"start":{"line":22,"column":2},"end":{"line":24,"column":null}},"10":{"start":{"line":23,"column":4},"end":{"line":23,"column":15}},"11":{"start":{"line":25,"column":17},"end":{"line":25,"column":43}},"12":{"start":{"line":26,"column":18},"end":{"line":26,"column":38}},"13":{"start":{"line":27,"column":19},"end":{"line":27,"column":48}},"14":{"start":{"line":28,"column":2},"end":{"line":32,"column":4}},"15":{"start":{"line":21,"column":13},"end":{"line":21,"column":36}}},"fnMap":{"0":{"name":"(anonymous_1)","decl":{"start":{"line":7,"column":40},"end":{"line":7,"column":41}},"loc":{"start":{"line":7,"column":67},"end":{"line":19,"column":1}}},"1":{"name":"(anonymous_2)","decl":{"start":{"line":21,"column":36},"end":{"line":21,"column":37}},"loc":{"start":{"line":21,"column":49},"end":{"line":33,"column":1}}}},"branchMap":{"0":{"loc":{"start":{"line":10,"column":9},"end":{"line":10,"column":23}},"type":"binary-expr","locations":[{"start":{"line":10,"column":9},"end":{"line":10,"column":23}},{"start":{"line":10,"column":27},"end":{"line":10,"column":42}}]},"1":{"loc":{"start":{"line":11,"column":4},"end":{"line":15,"column":null}},"type":"if","locations":[{"start":{"line":11,"column":4},"end":{"line":15,"column":null}},{"start":{"line":11,"column":4},"end":{"line":15,"column":null}}]},"2":{"loc":{"start":{"line":22,"column":2},"end":{"line":24,"column":null}},"type":"if","locations":[{"start":{"line":22,"column":2},"end":{"line":24,"column":null}},{"start":{"line":22,"column":2},"end":{"line":24,"column":null}}]}},"s":{"0":1,"1":6,"2":6,"3":22,"4":14,"5":8,"6":6,"7":1,"8":1,"9":11,"10":6,"11":5,"12":5,"13":5,"14":5,"15":1},"f":{"0":6,"1":11},"b":{"0":[28,22],"1":[14,8],"2":[6,5]}}
}
