TN:
SF:binarySearchTree.ts
FN:7,(anonymous_6)
FN:8,(anonymous_8)
FNF:2
FNH:2
FNDA:2,(anonymous_6)
FNDA:2,(anonymous_8)
DA:1,1
DA:7,1
DA:8,1
DA:9,2
DA:10,2
DA:12,1
LF:6
LH:6
BRF:0
BRH:0
end_of_record
TN:
SF:binaryTree.ts
FN:7,(anonymous_1)
FN:20,(anonymous_2)
FN:21,BinaryTree
FN:25,(anonymous_4)
FN:30,(anonymous_5)
FN:48,(anonymous_6)
FNF:6
FNH:6
FNDA:2,(anonymous_1)
FNDA:2,(anonymous_2)
FNDA:30,BinaryTree
FNDA:1,(anonymous_4)
FNDA:3,(anonymous_5)
FNDA:31,(anonymous_6)
DA:7,2
DA:8,2
DA:9,2
DA:10,2
DA:11,2
DA:20,2
DA:21,30
DA:22,30
DA:25,2
DA:26,1
DA:27,1
DA:30,2
DA:31,3
DA:32,3
DA:33,3
DA:34,3
DA:35,2
DA:37,3
DA:38,3
DA:39,1
DA:41,3
DA:42,3
DA:43,1
DA:45,3
DA:48,2
DA:49,31
DA:51,31
DA:52,31
DA:53,17
DA:55,31
DA:56,31
DA:57,7
DA:60,31
DA:62,5
DA:63,5
DA:64,5
DA:65,11
DA:66,11
DA:67,11
DA:68,11
DA:70,5
DA:73,11
DA:75,5
DA:77,5
DA:78,5
DA:81,2
LF:46
LH:46
BRDA:7,0,0,2
BRDA:7,0,1,2
BRDA:34,1,0,2
BRDA:34,1,1,1
BRDA:38,2,0,1
BRDA:38,2,1,2
BRDA:42,3,0,1
BRDA:42,3,1,2
BRDA:52,4,0,17
BRDA:52,4,1,14
BRDA:56,5,0,7
BRDA:56,5,1,24
BRDA:61,6,0,5
BRDA:61,6,1,11
BRDA:61,6,2,5
BRDA:61,6,3,5
BRDA:61,6,4,5
BRDA:67,7,0,5
BRDA:67,7,1,6
BRDA:68,8,0,1
BRDA:68,8,1,10
BRF:21
BRH:21
end_of_record
TN:
SF:compare.ts
FN:3,(anonymous_0)
FNF:1
FNH:1
FNDA:25,(anonymous_0)
DA:3,2
DA:7,25
DA:8,9
DA:9,16
DA:10,15
DA:12,1
LF:6
LH:6
BRDA:7,0,0,9
BRDA:7,0,1,16
BRDA:9,1,0,15
BRDA:9,1,1,1
BRF:4
BRH:4
end_of_record
TN:
SF:mergeSort.ts
FN:7,(anonymous_1)
FN:21,(anonymous_2)
FNF:2
FNH:2
FNDA:6,(anonymous_1)
FNDA:11,(anonymous_2)
DA:7,1
DA:8,6
DA:10,6
DA:11,22
DA:12,14
DA:14,8
DA:18,6
DA:21,1
DA:22,11
DA:23,6
DA:25,5
DA:26,5
DA:27,5
DA:28,5
LF:14
LH:14
BRDA:10,0,0,28
BRDA:10,0,1,22
BRDA:11,1,0,14
BRDA:11,1,1,8
BRDA:22,2,0,6
BRDA:22,2,1,5
BRF:6
BRH:6
end_of_record
